0 info it worked if it ends with ok
1 verbose cli [ '/usr/local/Cellar/node/5.5.0/bin/node',
1 verbose cli   '/usr/local/bin/npm',
1 verbose cli   'publish' ]
2 info using npm@3.10.3
3 info using node@v6.4.0
4 verbose publish [ '.' ]
5 silly cache add args [ '.', null ]
6 verbose cache add spec .
7 silly cache add parsed spec Result {
7 silly cache add   raw: '.',
7 silly cache add   scope: null,
7 silly cache add   escapedName: null,
7 silly cache add   name: null,
7 silly cache add   rawSpec: '.',
7 silly cache add   spec: '/Users/ryan/Projects/repo-vision',
7 silly cache add   type: 'directory' }
8 verbose addLocalDirectory /Users/ryan/.npm/repo-vision/1.0.15/package.tgz not in flight; packing
9 verbose correctMkdir /Users/ryan/.npm correctMkdir not in flight; initializing
10 info lifecycle repo-vision@1.0.15~prepublish: repo-vision@1.0.15
11 silly lifecycle repo-vision@1.0.15~prepublish: no script for prepublish, continuing
12 verbose tar pack [ '/Users/ryan/.npm/repo-vision/1.0.15/package.tgz',
12 verbose tar pack   '/Users/ryan/Projects/repo-vision' ]
13 verbose tarball /Users/ryan/.npm/repo-vision/1.0.15/package.tgz
14 verbose folder /Users/ryan/Projects/repo-vision
15 verbose addLocalTarball adding from inside cache /Users/ryan/.npm/repo-vision/1.0.15/package.tgz
16 verbose correctMkdir /Users/ryan/.npm correctMkdir not in flight; initializing
17 silly cache afterAdd repo-vision@1.0.15
18 verbose afterAdd /Users/ryan/.npm/repo-vision/1.0.15/package/package.json not in flight; writing
19 verbose correctMkdir /Users/ryan/.npm correctMkdir not in flight; initializing
20 verbose afterAdd /Users/ryan/.npm/repo-vision/1.0.15/package/package.json written
21 silly publish { name: 'repo-vision',
21 silly publish   version: '1.0.15',
21 silly publish   description: 'Helps you visualize the current status of your local repository by opening a visualizer in your browser. View your entire commit history, color-coded branches, and commit messages. Also use the visualizer to checkout different states of your project.',
21 silly publish   main: 'index.js',
21 silly publish   scripts: { test: 'echo "Error: no test specified" && exit 1' },
21 silly publish   bin: { 'rv-start': 'bin/start_server.js' },
21 silly publish   keywords:
21 silly publish    [ 'repository',
21 silly publish      'visualize',
21 silly publish      'git',
21 silly publish      'view',
21 silly publish      'commit',
21 silly publish      'tree',
21 silly publish      'history' ],
21 silly publish   author: { name: 'Ryan Hall' },
21 silly publish   license: 'ISC',
21 silly publish   dependencies: { argv: '0.0.2', colors: '^1.1.2', express: '^4.14.0' },
21 silly publish   repository:
21 silly publish    { type: 'git',
21 silly publish      url: 'git+https://github.com/RyanRHall/repo-vision.git' },
21 silly publish   bugs: { url: 'https://github.com/RyanRHall/repo-vision/issues' },
21 silly publish   homepage: 'https://github.com/RyanRHall/repo-vision',
21 silly publish   readme: '## Repository Visualizer\n\nAn `npm` package that allows your to visualize and interact with your local repository. View branches and commit messages, and checkout previous states of your project straight from the browser.\n\nTo run, simply:\n\n  0. `npm install -g repository-visualizer`\n  0. `rv-start`\n  0. navigate to localhost:4000\n\n---\n\n### Options\n\nUse `--port` to specify the port\n\n```\n  rv-start --port=8080\n```\n\nSpecify a relative directory\n\n```\n  rv-start ./path/to/project/\n```\n',
21 silly publish   readmeFilename: 'README.md',
21 silly publish   gitHead: '79b94969721ee82f294b52a8a28b1be69f65945d',
21 silly publish   _id: 'repo-vision@1.0.15',
21 silly publish   _shasum: '22014ab70bfbfdefbc9800bbcb34724b098c3cf3',
21 silly publish   _from: '.' }
22 verbose getPublishConfig undefined
23 silly mapToRegistry name repo-vision
24 silly mapToRegistry using default registry
25 silly mapToRegistry registry https://registry.npmjs.org/
26 silly mapToRegistry data Result {
26 silly mapToRegistry   raw: 'repo-vision',
26 silly mapToRegistry   scope: null,
26 silly mapToRegistry   escapedName: 'repo-vision',
26 silly mapToRegistry   name: 'repo-vision',
26 silly mapToRegistry   rawSpec: '',
26 silly mapToRegistry   spec: 'latest',
26 silly mapToRegistry   type: 'tag' }
27 silly mapToRegistry uri https://registry.npmjs.org/repo-vision
28 verbose publish registryBase https://registry.npmjs.org/
29 silly publish uploading /Users/ryan/.npm/repo-vision/1.0.15/package.tgz
30 verbose request uri https://registry.npmjs.org/repo-vision
31 verbose request sending authorization for write operation
32 info attempt registry request try #1 at 4:29:36 PM
33 verbose request using bearer token for auth
34 verbose request id 03f66a83f51cb1f2
35 http request PUT https://registry.npmjs.org/repo-vision
36 http 403 https://registry.npmjs.org/repo-vision
37 verbose headers { 'content-type': 'application/json',
37 verbose headers   'cache-control': 'max-age=300',
37 verbose headers   'content-length': '96',
37 verbose headers   'accept-ranges': 'bytes',
37 verbose headers   date: 'Thu, 03 Nov 2016 23:29:37 GMT',
37 verbose headers   via: '1.1 varnish',
37 verbose headers   connection: 'keep-alive',
37 verbose headers   'x-served-by': 'cache-sjc3637-SJC',
37 verbose headers   'x-cache': 'MISS',
37 verbose headers   'x-cache-hits': '0',
37 verbose headers   'x-timer': 'S1478215776.877269,VS0,VE246',
37 verbose headers   vary: 'Accept-Encoding' }
38 verbose request invalidating /Users/ryan/.npm/registry.npmjs.org/repo-vision on PUT
39 error publish Failed PUT 403
40 verbose stack Error: "You cannot publish over the previously published version 1.0.15." : repo-vision
40 verbose stack     at makeError (/usr/local/lib/node_modules/npm/node_modules/npm-registry-client/lib/request.js:264:12)
40 verbose stack     at CachingRegistryClient.<anonymous> (/usr/local/lib/node_modules/npm/node_modules/npm-registry-client/lib/request.js:252:14)
40 verbose stack     at Request._callback (/usr/local/lib/node_modules/npm/node_modules/npm-registry-client/lib/request.js:172:14)
40 verbose stack     at Request.self.callback (/usr/local/lib/node_modules/npm/node_modules/request/request.js:200:22)
40 verbose stack     at emitTwo (events.js:106:13)
40 verbose stack     at Request.emit (events.js:191:7)
40 verbose stack     at Request.<anonymous> (/usr/local/lib/node_modules/npm/node_modules/request/request.js:1067:10)
40 verbose stack     at emitOne (events.js:101:20)
40 verbose stack     at Request.emit (events.js:188:7)
40 verbose stack     at IncomingMessage.<anonymous> (/usr/local/lib/node_modules/npm/node_modules/request/request.js:988:12)
41 verbose statusCode 403
42 verbose pkgid repo-vision
43 verbose cwd /Users/ryan/Projects/repo-vision
44 error Darwin 15.3.0
45 error argv "/usr/local/Cellar/node/5.5.0/bin/node" "/usr/local/bin/npm" "publish"
46 error node v6.4.0
47 error npm  v3.10.3
48 error code E403
49 error "You cannot publish over the previously published version 1.0.15." : repo-vision
50 error If you need help, you may report this error at:
50 error     <https://github.com/npm/npm/issues>
51 verbose exit [ 1, true ]
